<?xml version="1.0" encoding="UTF-8"?>
<testng-results ignored="0" total="1" passed="1" failed="0" skipped="0">
  <reporter-output>
  </reporter-output>
  <suite started-at="2021-01-28T06:45:53Z" name="FlightBooking" finished-at="2021-01-28T06:46:44Z" duration-ms="51475">
    <groups>
    </groups>
    <test started-at="2021-01-28T06:45:53Z" name="FlightSearch" finished-at="2021-01-28T06:46:44Z" duration-ms="51475">
      <class name="com.FlightBooking.testCases.TC_Search">
        <test-method is-config="true" signature="setup(java.lang.String)[pri:0, instance:com.FlightBooking.testCases.TC_Search@6c0d7c83]" started-at="2021-01-28T06:45:53Z" name="setup" finished-at="2021-01-28T06:46:10Z" duration-ms="17215" status="PASS">
          <params>
            <param index="0">
              <value>
                <![CDATA[chrome]]>
              </value>
            </param>
          </params>
          <reporter-output>
          </reporter-output>
        </test-method> <!-- setup -->
        <test-method signature="Search()[pri:0, instance:com.FlightBooking.testCases.TC_Search@6c0d7c83]" started-at="2021-01-28T06:46:10Z" name="Search" finished-at="2021-01-28T06:46:43Z" duration-ms="32961" status="PASS">
          <reporter-output>
          </reporter-output>
        </test-method> <!-- Search -->
        <test-method is-config="true" signature="tearDown()[pri:0, instance:com.FlightBooking.testCases.TC_Search@6c0d7c83]" started-at="2021-01-28T06:46:43Z" name="tearDown" finished-at="2021-01-28T06:46:44Z" duration-ms="1262" status="PASS">
          <reporter-output>
          </reporter-output>
        </test-method> <!-- tearDown -->
      </class> <!-- com.FlightBooking.testCases.TC_Search -->
    </test> <!-- FlightSearch -->
  </suite> <!-- FlightBooking -->
</testng-results>
